  [4;36;1mSQL (0.3ms)[0m   [0;1mSET NAMES 'utf8'[0m
  [4;35;1mSQL (0.1ms)[0m   [0mSET SQL_AUTO_IS_NULL=0[0m
  [4;36;1mSQL (0.5ms)[0m   [0;1mSHOW TABLES[0m
  [4;35;1mSQL (3.3ms)[0m   [0mCREATE TABLE `schema_migrations` (`version` varchar(255) NOT NULL) ENGINE=InnoDB[0m
  [4;36;1mSQL (5.7ms)[0m   [0;1mCREATE UNIQUE INDEX `unique_schema_migrations` ON `schema_migrations` (`version`)[0m
  [4;35;1mSQL (0.5ms)[0m   [0mSHOW TABLES[0m
  [4;36;1mSQL (0.5ms)[0m   [0;1mSELECT version FROM schema_migrations[0m
Migrating to CreateRecords (20090329042943)
  [4;35;1mSQL (2.1ms)[0m   [0mCREATE TABLE `records` (`id` int(11) DEFAULT NULL auto_increment PRIMARY KEY, `name` varchar(255), `description` varchar(255), `date` date, `created_at` datetime, `updated_at` datetime) ENGINE=InnoDB[0m
  [4;36;1mSQL (0.9ms)[0m   [0;1mINSERT INTO schema_migrations (version) VALUES ('20090329042943')[0m
  [4;35;1mSQL (0.4ms)[0m   [0mSHOW TABLES[0m
  [4;36;1mSQL (0.2ms)[0m   [0;1mSELECT version FROM schema_migrations[0m
  [4;35;1mSQL (0.3ms)[0m   [0mSHOW TABLES[0m
  [4;36;1mSQL (1.6ms)[0m   [0;1mSHOW FIELDS FROM `records`[0m
  [4;35;1mSQL (2.1ms)[0m   [0mdescribe `records`[0m
  [4;36;1mSQL (0.5ms)[0m   [0;1mSHOW KEYS FROM `records`[0m
  [4;36;1mSQL (0.2ms)[0m   [0;1mSET NAMES 'utf8'[0m
  [4;35;1mSQL (0.1ms)[0m   [0mSET SQL_AUTO_IS_NULL=0[0m
  [4;36;1mSQL (0.5ms)[0m   [0;1mDROP DATABASE IF EXISTS `vinylguide_test`[0m
  [4;35;1mSQL (0.5ms)[0m   [0mCREATE DATABASE `vinylguide_test` DEFAULT CHARACTER SET `utf8`[0m
  [4;36;1mSQL (0.1ms)[0m   [0;1mSET NAMES 'utf8'[0m
  [4;35;1mSQL (0.1ms)[0m   [0mSET SQL_AUTO_IS_NULL=0[0m
  [4;36;1mSQL (0.4ms)[0m   [0;1mSHOW TABLES[0m
  [4;35;1mSQL (2.1ms)[0m   [0mCREATE TABLE `records` (`id` int(11) DEFAULT NULL auto_increment PRIMARY KEY, `name` varchar(255), `description` varchar(255), `date` date, `created_at` datetime, `updated_at` datetime) ENGINE=InnoDB[0m
  [4;36;1mSQL (0.4ms)[0m   [0;1mSHOW TABLES[0m
  [4;35;1mSQL (1.9ms)[0m   [0mCREATE TABLE `schema_migrations` (`version` varchar(255) NOT NULL) ENGINE=InnoDB[0m
  [4;36;1mSQL (5.0ms)[0m   [0;1mCREATE UNIQUE INDEX `unique_schema_migrations` ON `schema_migrations` (`version`)[0m
  [4;35;1mSQL (0.3ms)[0m   [0mSHOW TABLES[0m
  [4;36;1mSQL (0.3ms)[0m   [0;1mSELECT version FROM `schema_migrations`[0m
  [4;35;1mSQL (0.9ms)[0m   [0mINSERT INTO `schema_migrations` (version) VALUES ('20090329042943')[0m
  [4;36;1mSQL (0.2ms)[0m   [0;1mSET NAMES 'utf8'[0m
  [4;35;1mSQL (0.2ms)[0m   [0mSET SQL_AUTO_IS_NULL=0[0m
  [4;36;1mSQL (0.0ms)[0m   [0;1mMysql::Error: Can't read dir of './vinylguide_development/' (errno: 13): SHOW TABLES[0m
  [4;36;1mSQL (0.2ms)[0m   [0;1mSET NAMES 'utf8'[0m
  [4;35;1mSQL (0.1ms)[0m   [0mSET SQL_AUTO_IS_NULL=0[0m
  [4;36;1mSQL (0.0ms)[0m   [0;1mMysql::Error: Can't read dir of './vinylguide_development/' (errno: 13): SHOW TABLES[0m
  [4;36;1mSQL (0.2ms)[0m   [0;1mSET NAMES 'utf8'[0m
  [4;35;1mSQL (0.1ms)[0m   [0mSET SQL_AUTO_IS_NULL=0[0m
  [4;36;1mSQL (0.0ms)[0m   [0;1mMysql::Error: Can't read dir of './vinylguide_development/' (errno: 13): SHOW TABLES[0m
  [4;36;1mSQL (0.2ms)[0m   [0;1mSET NAMES 'utf8'[0m
  [4;35;1mSQL (0.1ms)[0m   [0mSET SQL_AUTO_IS_NULL=0[0m
  [4;36;1mSQL (0.3ms)[0m   [0;1mSHOW TABLES[0m
  [4;35;1mSQL (44.0ms)[0m   [0mCREATE TABLE `schema_migrations` (`version` varchar(255) NOT NULL) ENGINE=InnoDB[0m
  [4;36;1mSQL (5.6ms)[0m   [0;1mCREATE UNIQUE INDEX `unique_schema_migrations` ON `schema_migrations` (`version`)[0m
  [4;35;1mSQL (0.4ms)[0m   [0mSHOW TABLES[0m
  [4;36;1mSQL (0.3ms)[0m   [0;1mSELECT version FROM schema_migrations[0m
Migrating to CreateRecords (20090329042943)
  [4;35;1mSQL (2.3ms)[0m   [0mCREATE TABLE `records` (`id` int(11) DEFAULT NULL auto_increment PRIMARY KEY, `name` varchar(255), `description` varchar(255), `date` date, `created_at` datetime, `updated_at` datetime) ENGINE=InnoDB[0m
  [4;36;1mSQL (0.9ms)[0m   [0;1mINSERT INTO schema_migrations (version) VALUES ('20090329042943')[0m
  [4;35;1mSQL (0.4ms)[0m   [0mSHOW TABLES[0m
  [4;36;1mSQL (0.2ms)[0m   [0;1mSELECT version FROM schema_migrations[0m
  [4;35;1mSQL (0.3ms)[0m   [0mSHOW TABLES[0m
  [4;36;1mSQL (97.8ms)[0m   [0;1mSHOW FIELDS FROM `records`[0m
  [4;35;1mSQL (2.2ms)[0m   [0mdescribe `records`[0m
  [4;36;1mSQL (0.6ms)[0m   [0;1mSHOW KEYS FROM `records`[0m
  [4;36;1mSQL (0.2ms)[0m   [0;1mSET NAMES 'utf8'[0m
  [4;35;1mSQL (0.1ms)[0m   [0mSET SQL_AUTO_IS_NULL=0[0m
  [4;36;1mSQL (0.4ms)[0m   [0;1mDROP DATABASE IF EXISTS `vinylguide_test2`[0m
  [4;35;1mSQL (0.3ms)[0m   [0mCREATE DATABASE `vinylguide_test2` DEFAULT CHARACTER SET `utf8`[0m
  [4;36;1mSQL (0.1ms)[0m   [0;1mSET NAMES 'utf8'[0m
  [4;35;1mSQL (0.1ms)[0m   [0mSET SQL_AUTO_IS_NULL=0[0m
  [4;36;1mSQL (0.4ms)[0m   [0;1mSHOW TABLES[0m
  [4;35;1mSQL (2.0ms)[0m   [0mCREATE TABLE `records` (`id` int(11) DEFAULT NULL auto_increment PRIMARY KEY, `name` varchar(255), `description` varchar(255), `date` date, `created_at` datetime, `updated_at` datetime) ENGINE=InnoDB[0m
  [4;36;1mSQL (0.5ms)[0m   [0;1mSHOW TABLES[0m
  [4;35;1mSQL (2.0ms)[0m   [0mCREATE TABLE `schema_migrations` (`version` varchar(255) NOT NULL) ENGINE=InnoDB[0m
  [4;36;1mSQL (5.8ms)[0m   [0;1mCREATE UNIQUE INDEX `unique_schema_migrations` ON `schema_migrations` (`version`)[0m
  [4;35;1mSQL (0.3ms)[0m   [0mSHOW TABLES[0m
  [4;36;1mSQL (0.3ms)[0m   [0;1mSELECT version FROM `schema_migrations`[0m
  [4;35;1mSQL (0.7ms)[0m   [0mINSERT INTO `schema_migrations` (version) VALUES ('20090329042943')[0m
