

Processing RecordsController#index (for 127.0.0.1 at 2009-08-05 22:41:35) [GET]
Rendering template within layouts/application
Rendering records/index
Completed in 7ms (View: 4, DB: 1) | 200 OK [http://localhost/records]


Processing EbayItemsController#index (for 127.0.0.1 at 2009-08-05 22:41:43) [GET]
Rendering template within layouts/application
Rendering ebay_items/index
Completed in 5ms (View: 2, DB: 0) | 200 OK [http://localhost/ebay_items]


Processing ApplicationController#index (for 127.0.0.1 at 2009-08-05 22:41:50) [GET]

ActionController::RoutingError (No route matches "/ebay_itemss" with {:method=>:get}):
  passenger (2.2.4) lib/phusion_passenger/rack/request_handler.rb:91:in `process_request'
  passenger (2.2.4) lib/phusion_passenger/abstract_request_handler.rb:206:in `main_loop'
  passenger (2.2.4) lib/phusion_passenger/railz/application_spawner.rb:376:in `start_request_handler'
  passenger (2.2.4) lib/phusion_passenger/railz/application_spawner.rb:334:in `handle_spawn_application'
  passenger (2.2.4) lib/phusion_passenger/utils.rb:182:in `safe_fork'
  passenger (2.2.4) lib/phusion_passenger/railz/application_spawner.rb:332:in `handle_spawn_application'
  passenger (2.2.4) lib/phusion_passenger/abstract_server.rb:351:in `__send__'
  passenger (2.2.4) lib/phusion_passenger/abstract_server.rb:351:in `main_loop'
  passenger (2.2.4) lib/phusion_passenger/abstract_server.rb:195:in `start_synchronously'
  passenger (2.2.4) lib/phusion_passenger/abstract_server.rb:162:in `start'
  passenger (2.2.4) lib/phusion_passenger/railz/application_spawner.rb:213:in `start'
  passenger (2.2.4) lib/phusion_passenger/spawn_manager.rb:261:in `spawn_rails_application'
  passenger (2.2.4) lib/phusion_passenger/abstract_server_collection.rb:126:in `lookup_or_add'
  passenger (2.2.4) lib/phusion_passenger/spawn_manager.rb:255:in `spawn_rails_application'
  passenger (2.2.4) lib/phusion_passenger/abstract_server_collection.rb:80:in `synchronize'
  passenger (2.2.4) lib/phusion_passenger/abstract_server_collection.rb:79:in `synchronize'
  passenger (2.2.4) lib/phusion_passenger/spawn_manager.rb:254:in `spawn_rails_application'
  passenger (2.2.4) lib/phusion_passenger/spawn_manager.rb:153:in `spawn_application'
  passenger (2.2.4) lib/phusion_passenger/spawn_manager.rb:286:in `handle_spawn_application'
  passenger (2.2.4) lib/phusion_passenger/abstract_server.rb:351:in `__send__'
  passenger (2.2.4) lib/phusion_passenger/abstract_server.rb:351:in `main_loop'
  passenger (2.2.4) lib/phusion_passenger/abstract_server.rb:195:in `start_synchronously'

Rendering rescues/layout (not_found)


Processing EbayItemsController#index (for 127.0.0.1 at 2009-08-05 22:41:55) [GET]
Rendering template within layouts/application
Rendering ebay_items/index
Completed in 2ms (View: 1, DB: 0) | 200 OK [http://localhost/ebay_items]


Processing EbayItemsController#index (for 127.0.0.1 at 2009-08-05 22:42:50) [GET]
Rendering template within layouts/application
Rendering ebay_items/index
Completed in 2ms (View: 1, DB: 0) | 200 OK [http://localhost/ebay_items]


Processing EbayItemsController#index (for 127.0.0.1 at 2009-08-05 22:42:51) [GET]
Rendering template within layouts/application
Rendering ebay_items/index
Completed in 2ms (View: 1, DB: 0) | 200 OK [http://localhost/ebay_items]


Processing EbayItemsController#index (for 127.0.0.1 at 2009-08-05 22:42:51) [GET]
Rendering template within layouts/application
Rendering ebay_items/index
Completed in 2ms (View: 1, DB: 0) | 200 OK [http://localhost/ebay_items]


Processing EbayItemsController#index (for 127.0.0.1 at 2009-08-05 22:42:51) [GET]
Rendering template within layouts/application
Rendering ebay_items/index
Completed in 2ms (View: 1, DB: 0) | 200 OK [http://localhost/ebay_items]


Processing EbayItemsController#index (for 127.0.0.1 at 2009-08-06 00:06:01) [GET]
Rendering template within layouts/application
Rendering ebay_items/index
Completed in 6ms (View: 4, DB: 1) | 200 OK [http://localhost/ebay_items]


Processing RecordsController#index (for 127.0.0.1 at 2009-08-06 00:06:09) [GET]
Rendering template within layouts/application
Rendering records/index
Completed in 6ms (View: 3, DB: 0) | 200 OK [http://localhost/records]


Processing EbayItemsController#index (for 127.0.0.1 at 2009-08-06 00:06:14) [GET]
Rendering template within layouts/application
Rendering ebay_items/index
Completed in 2ms (View: 1, DB: 0) | 200 OK [http://localhost/ebay_items]
